<?xml version="1.0" encoding="UTF-8"?>
<!-- Generated by org.testng.reporters.JUnitXMLReporter -->
<testsuite ignored="0" hostname="LAPTOP-NO8FPINV" failures="0" tests="4" name="Default test" time="26.983" errors="0" timestamp="2021-07-15T11:24:26 IST">
  <testcase classname="JioMartProject" name="LaunchApplication" time="7.094"/>
  <testcase classname="JioMartProject" name="GetTitle" time="0.018"/>
  <testcase classname="JioMartProject" name="getProductDetails" time="15.529"/>
  <testcase classname="JioMartProject" name="teardown" time="4.279"/>
</testsuite> <!-- Default test -->
