<?xml version="1.0" encoding="UTF-8"?>
<testng-results ignored="0" total="4" passed="4" failed="0" skipped="0">
  <reporter-output>
  </reporter-output>
  <suite started-at="2021-07-15T11:23:59 IST" name="Default suite" finished-at="2021-07-15T11:24:26 IST" duration-ms="26983">
    <groups>
    </groups>
    <test started-at="2021-07-15T11:23:59 IST" name="Default test" finished-at="2021-07-15T11:24:26 IST" duration-ms="26983">
      <class name="JioMartProject">
        <test-method signature="LaunchApplication()[pri:0, instance:JioMartProject@4e096385]" started-at="2021-07-15T11:23:59 IST" name="LaunchApplication" finished-at="2021-07-15T11:24:06 IST" duration-ms="7094" status="PASS">
          <reporter-output>
          </reporter-output>
        </test-method> <!-- LaunchApplication -->
        <test-method signature="GetTitle()[pri:1, instance:JioMartProject@4e096385]" started-at="2021-07-15T11:24:06 IST" name="GetTitle" finished-at="2021-07-15T11:24:06 IST" duration-ms="18" status="PASS">
          <reporter-output>
          </reporter-output>
        </test-method> <!-- GetTitle -->
        <test-method signature="getProductDetails()[pri:2, instance:JioMartProject@4e096385]" started-at="2021-07-15T11:24:06 IST" name="getProductDetails" finished-at="2021-07-15T11:24:22 IST" duration-ms="15529" status="PASS">
          <reporter-output>
          </reporter-output>
        </test-method> <!-- getProductDetails -->
        <test-method signature="teardown()[pri:3, instance:JioMartProject@4e096385]" started-at="2021-07-15T11:24:22 IST" name="teardown" finished-at="2021-07-15T11:24:26 IST" duration-ms="4279" status="PASS">
          <reporter-output>
          </reporter-output>
        </test-method> <!-- teardown -->
      </class> <!-- JioMartProject -->
    </test> <!-- Default test -->
  </suite> <!-- Default suite -->
</testng-results>
